<?xml version="1.0" encoding="UTF-8"?>
<!-- Generated by org.testng.reporters.JUnitXMLReporter -->
<testsuite hostname="DESKTOP-5CJSCVQ" ignored="0" name="ChromeTests" tests="4" failures="1" timestamp="2021-03-26T00:40:17 EDT" time="80.73" errors="0">
  <testcase name="test_LoginDDT" time="4.404" classname="testCases.TC_003_LoginDDT"/>
  <testcase name="test_LoginDDT" time="32.104" classname="testCases.TC_003_LoginDDT"/>
  <testcase name="test_LoginDDT" time="0.96" classname="testCases.TC_003_LoginDDT">
    <failure type="java.lang.AssertionError" message="null">
      <![CDATA[java.lang.AssertionError: null
at testCases.TC_003_LoginDDT.test_LoginDDT(TC_003_LoginDDT.java:76)
at java.util.ArrayList.forEach(ArrayList.java:1259)
at java.util.concurrent.FutureTask.run(FutureTask.java:266)
at java.util.concurrent.ThreadPoolExecutor.runWorker(ThreadPoolExecutor.java:1149)
at java.util.concurrent.ThreadPoolExecutor$Worker.run(ThreadPoolExecutor.java:624)
at java.lang.Thread.run(Thread.java:748)
... Removed 20 stack frames]]>
    </failure>
  </testcase> <!-- test_LoginDDT -->
  <testcase name="test_LoginDDT" time="32.268" classname="testCases.TC_003_LoginDDT"/>
</testsuite> <!-- ChromeTests -->
