<?xml version="1.0" encoding="UTF-8"?>
<testng-results skipped="0" failed="1" ignored="0" total="4" passed="3">
  <reporter-output>
  </reporter-output>
  <suite name="All Test Suite" duration-ms="80730" started-at="2021-03-26T00:38:56 EDT" finished-at="2021-03-26T00:40:17 EDT">
    <groups>
    </groups>
    <test name="ChromeTests" duration-ms="80730" started-at="2021-03-26T00:38:56 EDT" finished-at="2021-03-26T00:40:17 EDT">
      <class name="testCases.TC_003_LoginDDT">
        <test-method status="PASS" signature="setup(java.lang.String)[pri:0, instance:testCases.TC_003_LoginDDT@3b084709]" name="setup" is-config="true" duration-ms="7995" started-at="2021-03-26T00:38:57 EDT" finished-at="2021-03-26T00:39:05 EDT">
          <params>
            <param index="0">
              <value>
                <![CDATA[chrome]]>
              </value>
            </param>
          </params>
          <reporter-output>
          </reporter-output>
        </test-method> <!-- setup -->
        <test-method status="PASS" signature="test_LoginDDT(java.lang.String, java.lang.String, java.lang.String)[pri:0, instance:testCases.TC_003_LoginDDT@3b084709]" name="test_LoginDDT" duration-ms="4404" started-at="2021-03-26T00:39:07 EDT" data-provider="LoginData" finished-at="2021-03-26T00:39:11 EDT">
          <params>
            <param index="0">
              <value>
                <![CDATA[pavanoltraining@gmail.com]]>
              </value>
            </param>
            <param index="1">
              <value>
                <![CDATA[test123]]>
              </value>
            </param>
            <param index="2">
              <value>
                <![CDATA[Valid]]>
              </value>
            </param>
          </params>
          <reporter-output>
          </reporter-output>
        </test-method> <!-- test_LoginDDT -->
        <test-method status="PASS" signature="test_LoginDDT(java.lang.String, java.lang.String, java.lang.String)[pri:0, instance:testCases.TC_003_LoginDDT@3b084709]" name="test_LoginDDT" duration-ms="32104" started-at="2021-03-26T00:39:12 EDT" data-provider="LoginData" finished-at="2021-03-26T00:39:44 EDT">
          <params>
            <param index="0">
              <value>
                <![CDATA[pavanoltraining@gmail.com]]>
              </value>
            </param>
            <param index="1">
              <value>
                <![CDATA[test]]>
              </value>
            </param>
            <param index="2">
              <value>
                <![CDATA[Invalid]]>
              </value>
            </param>
          </params>
          <reporter-output>
          </reporter-output>
        </test-method> <!-- test_LoginDDT -->
        <test-method status="FAIL" signature="test_LoginDDT(java.lang.String, java.lang.String, java.lang.String)[pri:0, instance:testCases.TC_003_LoginDDT@3b084709]" name="test_LoginDDT" duration-ms="960" started-at="2021-03-26T00:39:44 EDT" data-provider="LoginData" finished-at="2021-03-26T00:39:45 EDT">
          <params>
            <param index="0">
              <value>
                <![CDATA[pavan@gmail.com]]>
              </value>
            </param>
            <param index="1">
              <value>
                <![CDATA[test123]]>
              </value>
            </param>
            <param index="2">
              <value>
                <![CDATA[Invalid]]>
              </value>
            </param>
          </params>
          <exception class="java.lang.AssertionError">
            <message>
              <![CDATA[null]]>
            </message>
            <full-stacktrace>
              <![CDATA[java.lang.AssertionError: null
at org.testng.Assert.fail(Assert.java:99)
at org.testng.Assert.fail(Assert.java:106)
at testCases.TC_003_LoginDDT.test_LoginDDT(TC_003_LoginDDT.java:76)
at sun.reflect.NativeMethodAccessorImpl.invoke0(Native Method)
at sun.reflect.NativeMethodAccessorImpl.invoke(NativeMethodAccessorImpl.java:62)
at sun.reflect.DelegatingMethodAccessorImpl.invoke(DelegatingMethodAccessorImpl.java:43)
at java.lang.reflect.Method.invoke(Method.java:498)
at org.testng.internal.MethodInvocationHelper.invokeMethod(MethodInvocationHelper.java:132)
at org.testng.internal.TestInvoker.invokeMethod(TestInvoker.java:599)
at org.testng.internal.TestInvoker.invokeTestMethod(TestInvoker.java:174)
at org.testng.internal.MethodRunner.runInSequence(MethodRunner.java:46)
at org.testng.internal.TestInvoker$MethodInvocationAgent.invoke(TestInvoker.java:822)
at org.testng.internal.TestInvoker.invokeTestMethods(TestInvoker.java:147)
at org.testng.internal.TestMethodWorker.invokeTestMethods(TestMethodWorker.java:146)
at org.testng.internal.TestMethodWorker.run(TestMethodWorker.java:128)
at java.util.ArrayList.forEach(ArrayList.java:1259)
at org.testng.TestRunner.privateRun(TestRunner.java:764)
at org.testng.TestRunner.run(TestRunner.java:585)
at org.testng.SuiteRunner.runTest(SuiteRunner.java:384)
at org.testng.SuiteRunner.access$000(SuiteRunner.java:28)
at org.testng.SuiteRunner$SuiteWorker.run(SuiteRunner.java:425)
at org.testng.internal.thread.ThreadUtil.lambda$execute$0(ThreadUtil.java:66)
at java.util.concurrent.FutureTask.run(FutureTask.java:266)
at java.util.concurrent.ThreadPoolExecutor.runWorker(ThreadPoolExecutor.java:1149)
at java.util.concurrent.ThreadPoolExecutor$Worker.run(ThreadPoolExecutor.java:624)
at java.lang.Thread.run(Thread.java:748)
]]>
            </full-stacktrace>
          </exception> <!-- java.lang.AssertionError -->
          <reporter-output>
          </reporter-output>
        </test-method> <!-- test_LoginDDT -->
        <test-method status="PASS" signature="test_LoginDDT(java.lang.String, java.lang.String, java.lang.String)[pri:0, instance:testCases.TC_003_LoginDDT@3b084709]" name="test_LoginDDT" duration-ms="32268" started-at="2021-03-26T00:39:45 EDT" data-provider="LoginData" finished-at="2021-03-26T00:40:17 EDT">
          <params>
            <param index="0">
              <value>
                <![CDATA[pavan@gmail.com]]>
              </value>
            </param>
            <param index="1">
              <value>
                <![CDATA[test]]>
              </value>
            </param>
            <param index="2">
              <value>
                <![CDATA[Invalid]]>
              </value>
            </param>
          </params>
          <reporter-output>
          </reporter-output>
        </test-method> <!-- test_LoginDDT -->
        <test-method status="PASS" signature="teardown()[pri:0, instance:testCases.TC_003_LoginDDT@3b084709]" name="teardown" is-config="true" duration-ms="126" started-at="2021-03-26T00:40:17 EDT" finished-at="2021-03-26T00:40:17 EDT">
          <reporter-output>
          </reporter-output>
        </test-method> <!-- teardown -->
      </class> <!-- testCases.TC_003_LoginDDT -->
    </test> <!-- ChromeTests -->
  </suite> <!-- All Test Suite -->
</testng-results>
